<?xml version="1.0" encoding="UTF-8"?>
<testsuite name="banking.CheckingTest" tests="1" skipped="0" failures="0" errors="0" timestamp="2024-03-29T23:46:27" hostname="LAPTOP-PT353J1K" time="0.001">
  <properties/>
  <testcase name="checking_account_created_with_zero_balance()" classname="banking.CheckingTest" time="0.001"/>
  <system-out><![CDATA[]]></system-out>
  <system-err><![CDATA[]]></system-err>
</testsuite>
