<?xml version="1.0" encoding="UTF-8"?>
<testsuite name="banking.CommandStorageTest" tests="2" skipped="0" failures="0" errors="0" timestamp="2024-03-29T23:46:28" hostname="LAPTOP-PT353J1K" time="0.004">
  <properties/>
  <testcase name="store_an_invalid_command()" classname="banking.CommandStorageTest" time="0.001"/>
  <testcase name="commandStorage_has_no_initial_commands_stored()" classname="banking.CommandStorageTest" time="0.002"/>
  <system-out><![CDATA[]]></system-out>
  <system-err><![CDATA[]]></system-err>
</testsuite>
