<?xml version="1.0" encoding="UTF-8"?>
<testsuite name="banking.CertificateOfDepositTest" tests="1" skipped="0" failures="0" errors="0" timestamp="2024-03-29T23:46:27" hostname="LAPTOP-PT353J1K" time="0.007">
  <properties/>
  <testcase name="cd_account_created_with_supplied_balance()" classname="banking.CertificateOfDepositTest" time="0.007"/>
  <system-out><![CDATA[]]></system-out>
  <system-err><![CDATA[]]></system-err>
</testsuite>
