<?xml version="1.0" encoding="UTF-8"?>
<testsuite name="banking.AccountTest" tests="7" skipped="0" failures="0" errors="0" timestamp="2024-03-29T23:46:27" hostname="LAPTOP-PT353J1K" time="0.033">
  <properties/>
  <testcase name="deposit_balance_to_checking_account()" classname="banking.AccountTest" time="0.024"/>
  <testcase name="deposit_balance_twice_works()" classname="banking.AccountTest" time="0.001"/>
  <testcase name="account_has_correct_apr()" classname="banking.AccountTest" time="0.001"/>
  <testcase name="withdraw_balance_from_checking_account()" classname="banking.AccountTest" time="0.001"/>
  <testcase name="withdraw_balance_cannot_go_below_zero()" classname="banking.AccountTest" time="0.001"/>
  <testcase name="deposit_balance_cannot_go_below_zero()" classname="banking.AccountTest" time="0.001"/>
  <testcase name="withdraw_balance_twice_works()" classname="banking.AccountTest" time="0.001"/>
  <system-out><![CDATA[]]></system-out>
  <system-err><![CDATA[]]></system-err>
</testsuite>
