<?xml version="1.0" encoding="UTF-8"?>
<testsuite name="banking.CommandValidatorTest" tests="72" skipped="0" failures="0" errors="0" timestamp="2024-03-29T23:46:28" hostname="LAPTOP-PT353J1K" time="0.203">
  <properties/>
  <testcase name="validate_incorrect_parameter_as_month_in_pass_time_command()" classname="banking.CommandValidatorTest" time="0.018"/>
  <testcase name="validate_monthly_withdraw_limit_for_savings_reset()" classname="banking.CommandValidatorTest" time="0.01"/>
  <testcase name="validate_invalid_id_digits_for_withdraw_command()" classname="banking.CommandValidatorTest" time="0.001"/>
  <testcase name="validate_negative_withdraw_amount_for_checking()" classname="banking.CommandValidatorTest" time="0.001"/>
  <testcase name="validate_too_many_arguments_for_savings_or_checking_create_command()" classname="banking.CommandValidatorTest" time="0.011"/>
  <testcase name="validate_incorrect_id_made_from_letters()" classname="banking.CommandValidatorTest" time="0.001"/>
  <testcase name="validate_incorrect_apr_value()" classname="banking.CommandValidatorTest" time="0.0"/>
  <testcase name="validate_typo_in_deposit_command()" classname="banking.CommandValidatorTest" time="0.001"/>
  <testcase name="validate_one_withdraw_per_month_for_savings()" classname="banking.CommandValidatorTest" time="0.001"/>
  <testcase name="validate_case_insensitivity_for_correct_create_command()" classname="banking.CommandValidatorTest" time="0.003"/>
  <testcase name="validate_transfer_command_on_same_account()" classname="banking.CommandValidatorTest" time="0.026"/>
  <testcase name="validate_correct_withdraw_command_for_savings()" classname="banking.CommandValidatorTest" time="0.001"/>
  <testcase name="validate_typo_in_withdraw_command()" classname="banking.CommandValidatorTest" time="0.001"/>
  <testcase name="validate_transfer_command_from_savings_to_checking()" classname="banking.CommandValidatorTest" time="0.001"/>
  <testcase name="validate_negative_apr_value()" classname="banking.CommandValidatorTest" time="0.0"/>
  <testcase name="validate_zero_withdraw_amount_for_savings()" classname="banking.CommandValidatorTest" time="0.001"/>
  <testcase name="validate_incorrect_create_command_due_to_typos()" classname="banking.CommandValidatorTest" time="0.001"/>
  <testcase name="validate_cd_later_than_12_months_withdraw()" classname="banking.CommandValidatorTest" time="0.001"/>
  <testcase name="validate_invalid_id_digits_for_deposit_command()" classname="banking.CommandValidatorTest" time="0.0"/>
  <testcase name="validate_deposit_amount_too_high_for_checking()" classname="banking.CommandValidatorTest" time="0.0"/>
  <testcase name="validate_correct_withdraw_command_for_checking()" classname="banking.CommandValidatorTest" time="0.001"/>
  <testcase name="validate_zero_deposit_amount_for_checking()" classname="banking.CommandValidatorTest" time="0.001"/>
  <testcase name="validate_cd_withdraw_must_be_greater_than_stored_balance()" classname="banking.CommandValidatorTest" time="0.001"/>
  <testcase name="validate_strings_as_account_id_in_transfer_command()" classname="banking.CommandValidatorTest" time="0.0"/>
  <testcase name="validate_too_large_cd_initial_deposit_in_create_command()" classname="banking.CommandValidatorTest" time="0.0"/>
  <testcase name="validate_too_less_arguments_in_pass_time_command()" classname="banking.CommandValidatorTest" time="0.0"/>
  <testcase name="validate_too_less_arguments_for_cd_command()" classname="banking.CommandValidatorTest" time="0.0"/>
  <testcase name="validate_correct_cd_create_command()" classname="banking.CommandValidatorTest" time="0.001"/>
  <testcase name="validate_negative_withdraw_amount_for_savings()" classname="banking.CommandValidatorTest" time="0.001"/>
  <testcase name="validate_maximum_withdraw_for_checking()" classname="banking.CommandValidatorTest" time="0.001"/>
  <testcase name="validate_id_as_string_for_withdraw_command()" classname="banking.CommandValidatorTest" time="0.001"/>
  <testcase name="validate_negative_deposit_amount_for_checking()" classname="banking.CommandValidatorTest" time="0.0"/>
  <testcase name="validate_id_as_string_for_deposit_command()" classname="banking.CommandValidatorTest" time="0.0"/>
  <testcase name="validate_too_many_arguments_in_pass_time_command()" classname="banking.CommandValidatorTest" time="0.001"/>
  <testcase name="validate_deposit_amount_too_high_for_savings()" classname="banking.CommandValidatorTest" time="0.001"/>
  <testcase name="validate_maximum_deposit_for_savings()" classname="banking.CommandValidatorTest" time="0.0"/>
  <testcase name="validate_too_less_arguments_in_transfer_command()" classname="banking.CommandValidatorTest" time="0.0"/>
  <testcase name="validate_cd_before_12_months_withdraw()" classname="banking.CommandValidatorTest" time="0.001"/>
  <testcase name="validate_zero_withdraw_amount_for_checking()" classname="banking.CommandValidatorTest" time="0.0"/>
  <testcase name="validate_too_many_arguments_in_deposit_command()" classname="banking.CommandValidatorTest" time="0.001"/>
  <testcase name="validate_string_as_month_in_pass_time_command()" classname="banking.CommandValidatorTest" time="0.0"/>
  <testcase name="validate_zero_deposit_amount_for_savings()" classname="banking.CommandValidatorTest" time="0.001"/>
  <testcase name="validate_withdraw_amount_too_high_for_savings()" classname="banking.CommandValidatorTest" time="0.0"/>
  <testcase name="validate_incorrect_apr_made_of_letters()" classname="banking.CommandValidatorTest" time="0.0"/>
  <testcase name="validate_too_less_arguments_in_deposit_command()" classname="banking.CommandValidatorTest" time="0.001"/>
  <testcase name="validate_too_many_arguments_in_transfer_command()" classname="banking.CommandValidatorTest" time="0.001"/>
  <testcase name="validate_correct_pass_time_command()" classname="banking.CommandValidatorTest" time="0.011"/>
  <testcase name="validate_correct_deposit_command_for_savings()" classname="banking.CommandValidatorTest" time="0.001"/>
  <testcase name="validate_too_many_arguments_for_cd_command()" classname="banking.CommandValidatorTest" time="0.001"/>
  <testcase name="validate_transfer_command_from_savings_to_savings()" classname="banking.CommandValidatorTest" time="0.0"/>
  <testcase name="validate_incorrect_number_of_digits_for_id()" classname="banking.CommandValidatorTest" time="0.0"/>
  <testcase name="validate_withdraw_command_for_an_account_that_does_not_exist()" classname="banking.CommandValidatorTest" time="0.0"/>
  <testcase name="validate_cd_withdraw_can_be_greater_than_stored_balance()" classname="banking.CommandValidatorTest" time="0.001"/>
  <testcase name="validate_transfer_command_from_checking_to_savings()" classname="banking.CommandValidatorTest" time="0.004"/>
  <testcase name="validate_deposit_command_for_an_account_that_does_not_exist()" classname="banking.CommandValidatorTest" time="0.003"/>
  <testcase name="validate_too_less_arguments_in_withdraw_command()" classname="banking.CommandValidatorTest" time="0.001"/>
  <testcase name="validate_maximum_deposit_for_checking()" classname="banking.CommandValidatorTest" time="0.004"/>
  <testcase name="validate_correct_deposit_command_for_checking()" classname="banking.CommandValidatorTest" time="0.001"/>
  <testcase name="validate_incorrect_number_of_account_id_digits_in_transfer_command()" classname="banking.CommandValidatorTest" time="0.006"/>
  <testcase name="validate_cd_12_months_withdraw_rule()" classname="banking.CommandValidatorTest" time="0.001"/>
  <testcase name="validate_too_small_cd_initial_deposit_in_create_command()" classname="banking.CommandValidatorTest" time="0.001"/>
  <testcase name="validate_typo_in_transfer_command()" classname="banking.CommandValidatorTest" time="0.001"/>
  <testcase name="validate_correct_checking_or_savings_create_command()" classname="banking.CommandValidatorTest" time="0.0"/>
  <testcase name="validate_too_less_arguments_for_savings_or_checking_create_command()" classname="banking.CommandValidatorTest" time="0.0"/>
  <testcase name="validate_too_many_arguments_in_withdraw_command()" classname="banking.CommandValidatorTest" time="0.0"/>
  <testcase name="validate_negative_deposit_amount_for_savings()" classname="banking.CommandValidatorTest" time="0.001"/>
  <testcase name="validate_transfer_command_from_checking_to_checking()" classname="banking.CommandValidatorTest" time="0.0"/>
  <testcase name="validate_no_duplicate_bank_id()" classname="banking.CommandValidatorTest" time="0.0"/>
  <testcase name="validate_maximum_withdraw_for_savings()" classname="banking.CommandValidatorTest" time="0.001"/>
  <testcase name="validate_transfer_command_involving_cd_accounts()" classname="banking.CommandValidatorTest" time="0.0"/>
  <testcase name="validate_withdraw_amount_too_high_for_checking()" classname="banking.CommandValidatorTest" time="0.001"/>
  <testcase name="validate_transfer_command_on_accounts_that_do_not_exist()" classname="banking.CommandValidatorTest" time="0.0"/>
  <system-out><![CDATA[]]></system-out>
  <system-err><![CDATA[]]></system-err>
</testsuite>
